Starting BEV deployment at Sun Sep 21 08:47:02 AM EDT 2025
[1m[0;35m🚀 BEV OSINT FRAMEWORK - FULL DEPLOYMENT[0m
============================================
[1m[0;35m🔍 SYSTEM REQUIREMENTS CHECK[0m
============================================
[0;34m[INFO][0m System Resources:
[0;34m[INFO][0m   Memory: 60GB
[0;34m[INFO][0m   Available Disk: 1444GB
[0;32m[SUCCESS][0m System requirements check passed
[0;34m[INFO][0m Creating emergency management scripts...
[0;32m[SUCCESS][0m Emergency procedures created
[1m[0;35m🚀 DEPLOYING THANOS NODE (Primary Compute)[0m
============================================
[0;34m[INFO][0m Starting THANOS node deployment...
[0;34m[INFO][0m Starting THANOS node deployment...
========================================
[0;34m[INFO][0m Checking prerequisites for THANOS deployment...
[0;32m[SUCCESS][0m Prerequisites check passed
[0;34m[INFO][0m Validating Docker Compose configuration...
[0;32m[SUCCESS][0m Docker Compose configuration is valid
[0;34m[INFO][0m Cleaning up existing BEV containers...
[0;34m[INFO][0m Stopping existing BEV containers...
bev_postgres
bev_postgres
[0;34m[INFO][0m Removing BEV networks...
bev_bev_osint
[0;32m[SUCCESS][0m Cleanup completed
[0;34m[INFO][0m Phase 1: Infrastructure deployment
[0;34m[INFO][0m Deploying core infrastructure services...
[0;34m[INFO][0m Starting postgres...
Creating network "bev_bev_osint" with driver "bridge"
Creating bev_postgres ... 
Creating bev_postgres ... done
[0;32m[SUCCESS][0m postgres started
[0;34m[INFO][0m Waiting for postgres to be healthy...
[0;32m[SUCCESS][0m postgres is healthy
[0;34m[INFO][0m Starting redis...
Creating bev_redis_standalone ... 
Creating bev_redis_standalone ... done
[0;32m[SUCCESS][0m redis started
[0;34m[INFO][0m Waiting for redis to be healthy...
[0;32m[SUCCESS][0m redis is healthy
[0;34m[INFO][0m Starting neo4j...
Creating bev_neo4j ... 
Creating bev_neo4j ... done
[0;32m[SUCCESS][0m neo4j started
[0;34m[INFO][0m Waiting for neo4j to be healthy...
[0;32m[SUCCESS][0m neo4j is healthy
[0;34m[INFO][0m Starting elasticsearch...
Creating bev_elasticsearch ... 
Creating bev_elasticsearch ... done
[0;32m[SUCCESS][0m elasticsearch started
[0;34m[INFO][0m Waiting for elasticsearch to be healthy...
[0;32m[SUCCESS][0m elasticsearch is healthy
[0;34m[INFO][0m Starting rabbitmq...
No such service: rabbitmq
[0;31m[ERROR][0m Failed to start rabbitmq
[0;31m[ERROR][0m Infrastructure deployment failed
[0;31m[ERROR][0m THANOS node deployment failed
[0;31m[ERROR][0m THANOS deployment failed
