Starting BEV deployment at Sun Sep 21 08:48:23 AM EDT 2025
[1m[0;35m🚀 BEV OSINT FRAMEWORK - FULL DEPLOYMENT[0m
============================================
[1m[0;35m🔍 SYSTEM REQUIREMENTS CHECK[0m
============================================
[0;34m[INFO][0m System Resources:
[0;34m[INFO][0m   Memory: 60GB
[0;34m[INFO][0m   Available Disk: 1444GB
[0;32m[SUCCESS][0m System requirements check passed
[0;34m[INFO][0m Creating emergency management scripts...
[0;32m[SUCCESS][0m Emergency procedures created
[1m[0;35m🚀 DEPLOYING THANOS NODE (Primary Compute)[0m
============================================
[0;34m[INFO][0m Starting THANOS node deployment...
[0;34m[INFO][0m Starting THANOS node deployment...
========================================
[0;34m[INFO][0m Checking prerequisites for THANOS deployment...
[0;32m[SUCCESS][0m Prerequisites check passed
[0;34m[INFO][0m Validating Docker Compose configuration...
[0;32m[SUCCESS][0m Docker Compose configuration is valid
[0;34m[INFO][0m Cleaning up existing BEV containers...
[0;32m[SUCCESS][0m Cleanup completed
[0;34m[INFO][0m Phase 1: Infrastructure deployment
[0;34m[INFO][0m Deploying core infrastructure services...
[0;34m[INFO][0m Starting postgres...
Creating network "bev_bev_osint" with driver "bridge"
Creating volume "bev_postgres_data" with default driver
Creating volume "bev_neo4j_data" with default driver
Creating volume "bev_redis_data" with default driver
Creating volume "bev_elasticsearch_data" with default driver
Creating volume "bev_influxdb_data" with default driver
Creating volume "bev_zookeeper_data" with default driver
Creating volume "bev_tor_data" with default driver
Creating volume "bev_intelowl_postgres_data" with default driver
Creating volume "bev_intelowl_static_data" with default driver
Creating volume "bev_prometheus_data" with default driver
Creating volume "bev_grafana_data" with default driver
Creating volume "bev_ocr_data" with default driver
Creating volume "bev_document_analyzer_data" with default driver
Creating volume "bev_swarm_data" with default driver
Creating volume "bev_memory_data" with default driver
Creating volume "bev_code_data" with default driver
Creating volume "bev_tool_data" with default driver
Creating volume "bev_vault_data" with default driver
Creating volume "bev_guardian_data" with default driver
Creating volume "bev_tor_nodes_data" with default driver
Creating volume "bev_ids_data" with default driver
Creating volume "bev_security_logs" with default driver
Creating volume "bev_autonomous_data" with default driver
Creating volume "bev_live2d_data" with default driver
Creating volume "bev_avatar_assets" with default driver
Creating volume "bev_logs" with local driver
Creating bev_postgres ... 
Creating bev_postgres ... done
[0;32m[SUCCESS][0m postgres started
[0;34m[INFO][0m Waiting for postgres to be healthy...
[0;32m[SUCCESS][0m postgres is healthy
[0;34m[INFO][0m Starting redis...
Creating bev_redis_standalone ... 
Creating bev_redis_standalone ... done
[0;32m[SUCCESS][0m redis started
[0;34m[INFO][0m Waiting for redis to be healthy...
[0;32m[SUCCESS][0m redis is healthy
[0;34m[INFO][0m Starting neo4j...
Creating bev_neo4j ... 
Creating bev_neo4j ... done
[0;32m[SUCCESS][0m neo4j started
[0;34m[INFO][0m Waiting for neo4j to be healthy...
[0;32m[SUCCESS][0m neo4j is healthy
[0;34m[INFO][0m Starting elasticsearch...
Creating bev_elasticsearch ... 
Creating bev_elasticsearch ... done
[0;32m[SUCCESS][0m elasticsearch started
[0;34m[INFO][0m Waiting for elasticsearch to be healthy...
[0;32m[SUCCESS][0m elasticsearch is healthy
[0;34m[INFO][0m Starting rabbitmq...
No such service: rabbitmq
[0;31m[ERROR][0m Failed to start rabbitmq
[0;31m[ERROR][0m Infrastructure deployment failed
[0;31m[ERROR][0m THANOS node deployment failed
[0;31m[ERROR][0m THANOS deployment failed
