2025-09-21 15:23:48.064+0000 INFO  CREATE USER neo4j PASSWORD ****** CHANGE NOT REQUIRED
2025-09-21 15:23:48.236+0000 INFO  CREATE ROLE admin
2025-09-21 15:23:48.237+0000 INFO  GRANT TRANSACTION MANAGEMENT ON DATABASE * TO admin
2025-09-21 15:23:48.241+0000 INFO  GRANT START ON DATABASE * TO admin
2025-09-21 15:23:48.241+0000 INFO  GRANT STOP ON DATABASE * TO admin
2025-09-21 15:23:48.241+0000 INFO  GRANT ALL ON DBMS TO admin
2025-09-21 15:23:48.241+0000 INFO  GRANT CONSTRAINT MANAGEMENT ON DATABASE * TO admin
2025-09-21 15:23:48.241+0000 INFO  GRANT INDEX MANAGEMENT ON DATABASE * TO admin
2025-09-21 15:23:48.241+0000 INFO  GRANT NAME MANAGEMENT ON DATABASE * TO admin
2025-09-21 15:23:48.241+0000 INFO  GRANT WRITE ON GRAPH * TO admin
2025-09-21 15:23:48.241+0000 INFO  GRANT MATCH {*} ON GRAPH * TO admin
2025-09-21 15:23:48.241+0000 INFO  GRANT ACCESS ON DATABASE * TO admin
2025-09-21 15:23:48.241+0000 INFO  GRANT SHOW INDEX ON DATABASE * TO admin
2025-09-21 15:23:48.241+0000 INFO  GRANT SHOW CONSTRAINTS ON DATABASE * TO admin
2025-09-21 15:23:48.241+0000 INFO  GRANT LOAD ON ALL DATA TO admin
2025-09-21 15:23:48.242+0000 INFO  CREATE ROLE architect
2025-09-21 15:23:48.242+0000 INFO  GRANT CONSTRAINT MANAGEMENT ON DATABASE * TO architect
2025-09-21 15:23:48.242+0000 INFO  GRANT INDEX MANAGEMENT ON DATABASE * TO architect
2025-09-21 15:23:48.242+0000 INFO  GRANT NAME MANAGEMENT ON DATABASE * TO architect
2025-09-21 15:23:48.242+0000 INFO  GRANT WRITE ON GRAPH * TO architect
2025-09-21 15:23:48.242+0000 INFO  GRANT MATCH {*} ON GRAPH * TO architect
2025-09-21 15:23:48.242+0000 INFO  GRANT ACCESS ON DATABASE * TO architect
2025-09-21 15:23:48.242+0000 INFO  GRANT SHOW INDEX ON DATABASE * TO architect
2025-09-21 15:23:48.242+0000 INFO  GRANT SHOW CONSTRAINTS ON DATABASE * TO architect
2025-09-21 15:23:48.242+0000 INFO  CREATE ROLE publisher
2025-09-21 15:23:48.242+0000 INFO  GRANT NAME MANAGEMENT ON DATABASE * TO publisher
2025-09-21 15:23:48.242+0000 INFO  GRANT WRITE ON GRAPH * TO publisher
2025-09-21 15:23:48.243+0000 INFO  GRANT MATCH {*} ON GRAPH * TO publisher
2025-09-21 15:23:48.243+0000 INFO  GRANT ACCESS ON DATABASE * TO publisher
2025-09-21 15:23:48.243+0000 INFO  GRANT SHOW INDEX ON DATABASE * TO publisher
2025-09-21 15:23:48.243+0000 INFO  GRANT SHOW CONSTRAINTS ON DATABASE * TO publisher
2025-09-21 15:23:48.243+0000 INFO  CREATE ROLE editor
2025-09-21 15:23:48.243+0000 INFO  GRANT WRITE ON GRAPH * TO editor
2025-09-21 15:23:48.243+0000 INFO  GRANT MATCH {*} ON GRAPH * TO editor
2025-09-21 15:23:48.243+0000 INFO  GRANT ACCESS ON DATABASE * TO editor
2025-09-21 15:23:48.243+0000 INFO  GRANT SHOW INDEX ON DATABASE * TO editor
2025-09-21 15:23:48.243+0000 INFO  GRANT SHOW CONSTRAINTS ON DATABASE * TO editor
2025-09-21 15:23:48.243+0000 INFO  CREATE ROLE reader
2025-09-21 15:23:48.243+0000 INFO  GRANT MATCH {*} ON GRAPH * TO reader
2025-09-21 15:23:48.243+0000 INFO  GRANT ACCESS ON DATABASE * TO reader
2025-09-21 15:23:48.243+0000 INFO  GRANT SHOW INDEX ON DATABASE * TO reader
2025-09-21 15:23:48.243+0000 INFO  GRANT SHOW CONSTRAINTS ON DATABASE * TO reader
2025-09-21 15:23:48.244+0000 INFO  CREATE ROLE PUBLIC
2025-09-21 15:23:48.244+0000 INFO  GRANT ACCESS ON HOME DATABASE TO PUBLIC
2025-09-21 15:23:48.244+0000 INFO  GRANT EXECUTE PROCEDURE * ON DBMS TO PUBLIC
2025-09-21 15:23:48.244+0000 INFO  GRANT EXECUTE FUNCTION * ON DBMS TO PUBLIC
2025-09-21 15:23:48.244+0000 INFO  GRANT LOAD ON ALL DATA TO PUBLIC
2025-09-21 15:23:48.244+0000 INFO  GRANT ROLE admin TO neo4j
2025-09-21 15:26:09.628+0000 INFO  CREATE USER neo4j PASSWORD ****** CHANGE NOT REQUIRED
2025-09-21 15:26:09.806+0000 INFO  CREATE ROLE admin
2025-09-21 15:26:09.806+0000 INFO  GRANT TRANSACTION MANAGEMENT ON DATABASE * TO admin
2025-09-21 15:26:09.812+0000 INFO  GRANT START ON DATABASE * TO admin
2025-09-21 15:26:09.812+0000 INFO  GRANT STOP ON DATABASE * TO admin
2025-09-21 15:26:09.812+0000 INFO  GRANT ALL ON DBMS TO admin
2025-09-21 15:26:09.812+0000 INFO  GRANT CONSTRAINT MANAGEMENT ON DATABASE * TO admin
2025-09-21 15:26:09.812+0000 INFO  GRANT INDEX MANAGEMENT ON DATABASE * TO admin
2025-09-21 15:26:09.812+0000 INFO  GRANT NAME MANAGEMENT ON DATABASE * TO admin
2025-09-21 15:26:09.812+0000 INFO  GRANT WRITE ON GRAPH * TO admin
2025-09-21 15:26:09.813+0000 INFO  GRANT MATCH {*} ON GRAPH * TO admin
2025-09-21 15:26:09.813+0000 INFO  GRANT ACCESS ON DATABASE * TO admin
2025-09-21 15:26:09.813+0000 INFO  GRANT SHOW INDEX ON DATABASE * TO admin
2025-09-21 15:26:09.813+0000 INFO  GRANT SHOW CONSTRAINTS ON DATABASE * TO admin
2025-09-21 15:26:09.813+0000 INFO  GRANT LOAD ON ALL DATA TO admin
2025-09-21 15:26:09.813+0000 INFO  CREATE ROLE architect
2025-09-21 15:26:09.813+0000 INFO  GRANT CONSTRAINT MANAGEMENT ON DATABASE * TO architect
2025-09-21 15:26:09.813+0000 INFO  GRANT INDEX MANAGEMENT ON DATABASE * TO architect
2025-09-21 15:26:09.813+0000 INFO  GRANT NAME MANAGEMENT ON DATABASE * TO architect
2025-09-21 15:26:09.814+0000 INFO  GRANT WRITE ON GRAPH * TO architect
2025-09-21 15:26:09.814+0000 INFO  GRANT MATCH {*} ON GRAPH * TO architect
2025-09-21 15:26:09.814+0000 INFO  GRANT ACCESS ON DATABASE * TO architect
2025-09-21 15:26:09.814+0000 INFO  GRANT SHOW INDEX ON DATABASE * TO architect
2025-09-21 15:26:09.814+0000 INFO  GRANT SHOW CONSTRAINTS ON DATABASE * TO architect
2025-09-21 15:26:09.814+0000 INFO  CREATE ROLE publisher
2025-09-21 15:26:09.814+0000 INFO  GRANT NAME MANAGEMENT ON DATABASE * TO publisher
2025-09-21 15:26:09.814+0000 INFO  GRANT WRITE ON GRAPH * TO publisher
2025-09-21 15:26:09.814+0000 INFO  GRANT MATCH {*} ON GRAPH * TO publisher
2025-09-21 15:26:09.814+0000 INFO  GRANT ACCESS ON DATABASE * TO publisher
2025-09-21 15:26:09.814+0000 INFO  GRANT SHOW INDEX ON DATABASE * TO publisher
2025-09-21 15:26:09.814+0000 INFO  GRANT SHOW CONSTRAINTS ON DATABASE * TO publisher
2025-09-21 15:26:09.814+0000 INFO  CREATE ROLE editor
2025-09-21 15:26:09.815+0000 INFO  GRANT WRITE ON GRAPH * TO editor
2025-09-21 15:26:09.815+0000 INFO  GRANT MATCH {*} ON GRAPH * TO editor
2025-09-21 15:26:09.815+0000 INFO  GRANT ACCESS ON DATABASE * TO editor
2025-09-21 15:26:09.815+0000 INFO  GRANT SHOW INDEX ON DATABASE * TO editor
2025-09-21 15:26:09.815+0000 INFO  GRANT SHOW CONSTRAINTS ON DATABASE * TO editor
2025-09-21 15:26:09.815+0000 INFO  CREATE ROLE reader
2025-09-21 15:26:09.815+0000 INFO  GRANT MATCH {*} ON GRAPH * TO reader
2025-09-21 15:26:09.815+0000 INFO  GRANT ACCESS ON DATABASE * TO reader
2025-09-21 15:26:09.815+0000 INFO  GRANT SHOW INDEX ON DATABASE * TO reader
2025-09-21 15:26:09.815+0000 INFO  GRANT SHOW CONSTRAINTS ON DATABASE * TO reader
2025-09-21 15:26:09.815+0000 INFO  CREATE ROLE PUBLIC
2025-09-21 15:26:09.816+0000 INFO  GRANT ACCESS ON HOME DATABASE TO PUBLIC
2025-09-21 15:26:09.816+0000 INFO  GRANT EXECUTE PROCEDURE * ON DBMS TO PUBLIC
2025-09-21 15:26:09.816+0000 INFO  GRANT EXECUTE FUNCTION * ON DBMS TO PUBLIC
2025-09-21 15:26:09.816+0000 INFO  GRANT LOAD ON ALL DATA TO PUBLIC
2025-09-21 15:26:09.816+0000 INFO  GRANT ROLE admin TO neo4j
